<?xml version="1.0" encoding="UTF-8"?>
<!-- Generated by org.testng.reporters.JUnitReportReporter -->
<testsuite hostname="Anu" failures="0" tests="1" name="TestCases.LoginSection" time="11.424" errors="0" timestamp="2022-07-21T15:49:17 GMT-06:00" skipped="0">
  <testcase classname="TestCases.LoginSection" name="validCredentials" time="11.424"/>
  <system-out/>
</testsuite> <!-- TestCases.LoginSection -->
